<?xml version="1.0" encoding="UTF-8"?>
<testng-results ignored="0" total="4" passed="4" failed="0" skipped="0">
  <reporter-output>
  </reporter-output>
  <suite started-at="2023-03-12T21:45:47 GMT" name="Suite" finished-at="2023-03-12T21:46:12 GMT" duration-ms="25181">
    <groups>
      <group name="cucumber">
        <method signature="AbstractTestNGCucumberTests.runScenario(io.cucumber.testng.PickleWrapper,io.cucumber.testng.FeatureWrapper)[pri:0, instance:runners.MainRunner@26d9b808]" name="runScenario" class="io.cucumber.testng.AbstractTestNGCucumberTests"/>
      </group> <!-- cucumber -->
    </groups>
    <test started-at="2023-03-12T21:45:47 GMT" name="Test" finished-at="2023-03-12T21:46:12 GMT" duration-ms="25181">
      <class name="runners.MainRunner">
        <test-method is-config="true" signature="setUpClass(org.testng.ITestContext)[pri:0, instance:runners.MainRunner@26d9b808]" started-at="2023-03-12T21:45:47 GMT" name="setUpClass" finished-at="2023-03-12T21:45:48 GMT" duration-ms="841" status="PASS">
          <params>
            <param index="0">
              <value>
                <![CDATA[org.testng.TestRunner@3cce57c7]]>
              </value>
            </param>
          </params>
          <reporter-output>
          </reporter-output>
        </test-method> <!-- setUpClass -->
        <test-method signature="runScenario(io.cucumber.testng.PickleWrapper,io.cucumber.testng.FeatureWrapper)[pri:0, instance:runners.MainRunner@26d9b808]" started-at="2023-03-12T21:45:48 GMT" name="runScenario" description="Runs Cucumber Scenarios" data-provider="scenarios" finished-at="2023-03-12T21:46:06 GMT" duration-ms="17754" status="PASS">
          <params>
            <param index="0">
              <value>
                <![CDATA["Validate successful Login"]]>
              </value>
            </param>
            <param index="1">
              <value>
                <![CDATA["Validate LogIn Scenarios"]]>
              </value>
            </param>
          </params>
          <reporter-output>
          </reporter-output>
        </test-method> <!-- runScenario -->
        <test-method signature="runScenario(io.cucumber.testng.PickleWrapper,io.cucumber.testng.FeatureWrapper)[pri:0, instance:runners.MainRunner@26d9b808]" started-at="2023-03-12T21:45:48 GMT" name="runScenario" description="Runs Cucumber Scenarios" data-provider="scenarios" finished-at="2023-03-12T21:46:06 GMT" duration-ms="17754" status="PASS">
          <params>
            <param index="0">
              <value>
                <![CDATA["Validate unsuccessful Login"]]>
              </value>
            </param>
            <param index="1">
              <value>
                <![CDATA["Validate LogIn Scenarios"]]>
              </value>
            </param>
          </params>
          <reporter-output>
          </reporter-output>
        </test-method> <!-- runScenario -->
        <test-method signature="runScenario(io.cucumber.testng.PickleWrapper,io.cucumber.testng.FeatureWrapper)[pri:0, instance:runners.MainRunner@26d9b808]" started-at="2023-03-12T21:45:48 GMT" name="runScenario" description="Runs Cucumber Scenarios" data-provider="scenarios" finished-at="2023-03-12T21:46:12 GMT" duration-ms="24075" status="PASS">
          <params>
            <param index="0">
              <value>
                <![CDATA["Validate Successfull flow-Specific data"]]>
              </value>
            </param>
            <param index="1">
              <value>
                <![CDATA["ContactUs Page Flow"]]>
              </value>
            </param>
          </params>
          <reporter-output>
          </reporter-output>
        </test-method> <!-- runScenario -->
        <test-method signature="runScenario(io.cucumber.testng.PickleWrapper,io.cucumber.testng.FeatureWrapper)[pri:0, instance:runners.MainRunner@26d9b808]" started-at="2023-03-12T21:45:48 GMT" name="runScenario" description="Runs Cucumber Scenarios" data-provider="scenarios" finished-at="2023-03-12T21:46:12 GMT" duration-ms="24076" status="PASS">
          <params>
            <param index="0">
              <value>
                <![CDATA["Validate Successful flow"]]>
              </value>
            </param>
            <param index="1">
              <value>
                <![CDATA["ContactUs Page Flow"]]>
              </value>
            </param>
          </params>
          <reporter-output>
          </reporter-output>
        </test-method> <!-- runScenario -->
        <test-method is-config="true" signature="tearDownClass()[pri:0, instance:runners.MainRunner@26d9b808]" started-at="2023-03-12T21:46:12 GMT" name="tearDownClass" finished-at="2023-03-12T21:46:12 GMT" duration-ms="124" status="PASS">
          <reporter-output>
          </reporter-output>
        </test-method> <!-- tearDownClass -->
      </class> <!-- runners.MainRunner -->
    </test> <!-- Test -->
  </suite> <!-- Suite -->
</testng-results>
