<?xml version="1.0" encoding="UTF-8"?>
<testsuite xmlns:xsi="http://www.w3.org/2001/XMLSchema-instance" xsi:noNamespaceSchemaLocation="https://maven.apache.org/surefire/maven-surefire-plugin/xsd/surefire-test-report-3.0.xsd" version="3.0" name="TestSuite" time="26.006" tests="4" errors="0" skipped="0" failures="0">
  <properties>
[...]
</properties>
  <testcase name="runScenario[&quot;Validate unsuccessful Login&quot;, &quot;Validate LogIn Scenarios&quot;](2)" classname="runners.MainRunner" time="17.765">
    <system-out><![CDATA[
@Login @Regression
Scenario: Validate successful Login                        # features/LogIn.feature:6

@Login @Regression
Scenario: Validate unsuccessful Login                     # features/LogIn.feature:12

@contact_us @Regression
Scenario: Validate Successful flow                         # features/Contact_Ustest.feature:6

@contact_us @Regression
Scenario: Validate Successfull flow-Specific data          # features/Contact_Ustest.feature:14
  Given User is on ContactUs Page                          # stepDefinations.Contact_Us_StepsTest.user_is_on_contact_us_page()
  Given User is on ContactUs Page                          # stepDefinations.Contact_Us_StepsTest.user_is_on_contact_us_page()
  Given Navigate to LogIn page                             # stepDefinations.LogIn.navigate_to_log_in_page()
  Given Navigate to LogIn page                            # stepDefinations.LogIn.navigate_to_log_in_page()
  When User enters Username "webdriver"                   # stepDefinations.LogIn.user_enters_username(java.lang.String)
  When User enters Username "webdriver"                    # stepDefinations.LogIn.user_enters_username(java.lang.String)
  When User enters specific first name "Gunisha"           # stepDefinations.Contact_Us_StepsTest.userEntersSpecific(java.lang.String)
  When User enters unique first name                       # stepDefinations.Contact_Us_StepsTest.user_enters_unique_first_name()
  And User enters Password "wrong"                        # stepDefinations.LogIn.user_enters_password(java.lang.String)
  And User enters Password "webdriver123"                  # stepDefinations.LogIn.user_enters_password(java.lang.String)
  And User enters specific last name "sv"                  # stepDefinations.Contact_Us_StepsTest.userEntersSpecificLastName(java.lang.String)
  And User enters unique last name                         # stepDefinations.Contact_Us_StepsTest.user_enters_unique_last_name()
  And User enters specific email id "Farzisv@gmail.com"    # stepDefinations.Contact_Us_StepsTest.userEntersSpecificEmailId(java.lang.String)
  And User enters unique email id                          # stepDefinations.Contact_Us_StepsTest.user_enters_unique_email_id()
  And User enters specific comment "Welcome Back"          # stepDefinations.Contact_Us_StepsTest.userEntersSpecificComment(java.lang.String)
  And User enters comment                                  # stepDefinations.Contact_Us_StepsTest.user_enetrs_comment()
  And User clicks on Login Button                         # stepDefinations.LogIn.user_clicks_on_login_button()
  And User clicks on Login Button                          # stepDefinations.LogIn.user_clicks_on_login_button()
  Then User gets successful message "validation succeeded" # stepDefinations.LogIn.user_gets_successful_message_validation_succeeded(java.lang.String)
  Then User gets unsuccessful message "validation failed" # stepDefinations.LogIn.user_gets_unsuccessful_message_validation_failed(java.lang.String)
]]></system-out>
    <system-err><![CDATA[SLF4J: Failed to load class "org.slf4j.impl.StaticLoggerBinder".
SLF4J: Defaulting to no-operation (NOP) logger implementation
SLF4J: See http://www.slf4j.org/codes.html#StaticLoggerBinder for further details.
StartSStarting ChromteartiDrinving ChromeeDrr iS1vert 110.a0g.r15t4i8n1g. 7 C07h ro(mCe.D6rih5edr6o0.54meDriv16cerv 81160e.80.e5e43811.77fe.07e 7 (65(e6d65e1d66rc61e a681ced61e6e043ffe83796c0e2006a4d46d4f4e837926ca0f2-0644dr4efs/br2af-r8efese/braanncchh--hheeads/a5d4s8/15@4{#8813@9{}#)8 3o9n} )p oortn 58 port 525.30f60e
0Oa0n.0d645f0e
Only local c8onnect3ions 7ar4e 9a6c020644dl42af-refs8/branc1.lowely local connections are allowed.
Please see https://chromedriver.chrodmium.7
7 (6h5-ehdea.ds/5o46Pr18g16le@/case see https://chromedriver.chromium.org/security-consideratio6ns fore sugges8t{ioen#e38f3e9s }o0n keea)ping d Chroo6meD4nriv fpeo8r3t7 e9securr 5istayf-ce5o.n
sid8erat63iocns072 f0o6r4 4ds
4u2ggaOef-refs/branch-heads/5481@{#839s}t)i oonn posr t n6lo0yC 0nh 5klromeDriver eeping ChromeDriver safe.
was started successfully.
ChromeDriver was started successfully.
3
Only local connections are allowed.
Please see https://chromedriver.chroomcal connections are allowed.
Please see https://chromedriver.chromium.org/security-considerations for suiggeustmi.oonrg/security-considerations for suggestions on keeping ChromeDriver safe.
ChromeDriver was started successfully.
s on keeping ChromeDriver safe.
ChromeDriver was started successfully.
[[1678657557.116][WARNING]: virtual void DevToolsClientImpl::AddListener(DevToolsEventListener *) subscribing a listener to the1678657557.116][WARNING]: virtual void DevToolsClientImpl::AddListener(DevToolsEventListener *) subscribing a listener to the already connected DevToolsClient. Connection notification will not arrive.
 already connected DevToolsClient. Connection notification will not arrive.
[1678657557.133][WARNING]: virtual void DevToolsClientImpl::AddListener(DevToolsEventListener *) subscribing a listener to the already connected DevToolsClient. Connection notification will not arrive.
Mar 12, 2023 9:45:57 PM org.openqa.selenium.remote.ProtocolHandshake createSession
INFO: Detected dialect: W3C
Mar 12, 2023 9:45:57 PM org.openqa.selenium.remote.ProtocolHandshake createSession
INFO: Detected dialect: W3C
Mar 12, 2023 9:45:57 PM org.openqa.selenium.remote.ProtocolHandshake createSession
INFO: Detected dialect: W3C
Mar 12, 2023 9:45:57 PM org.openqa.selenium.devtools.CdpVersionFinder findNearestMatch
WARNING: Unable to find an exact match for CDP version 110, so returning the closest version found: a no-op implementation
Mar 12, 2023 9:45:57 PM org.openqa.selenium.devtools.CdpVersionFinder findNearestMatch
WARNING: Unable to find an exact match for CDP version 110, so returning the closest version found: a no-op implementation
Mar 12, 2023 9:45:57 PM org.openqa.selenium.devtools.CdpVersionFinder findNearestMatch
WARNING: Unable to find an exact match for CDP version 110, so returning the closest version found: a no-op implementation
Mar 12, 2023 9:45:57 PM org.openqa.selenium.devtools.CdpVersionFinder findNearestMatch
INFO: Unable to find CDP implementation matching 110.
Mar 12, 2023 9:45:57 PM org.openqa.selenium.devtools.CdpVersionFinder findNearestMatch
INFO: Unable to find CDP implementation matching 110.
Mar 12, 2023 9:45:57 PM org.openqa.selenium.devtools.CdpVersionFinder findNearestMatch
INFO: Unable to find CDP implementation matching 110.
Mar 12, 2023 9:45:57 PM org.openqa.selenium.chromium.ChromiumDriver lambda$new$3
WARNING: Unable to find version of CDP to use for . You may need to include a dependency on a specific version of the CDP using something similar to `org.seleniumhq.selenium:selenium-devtools-v86:4.1.1` where the version ("v86") matches the version of the chromium-based browser you're using and the version number of the artifact is the same as Selenium's.
Mar 12, 2023 9:45:57 PM org.openqa.selenium.chromium.ChromiumDriver lambda$new$3
WARNING: Unable to find version of CDP to use for . You may need to include a dependency on a specific version of the CDP using something similar to `org.seleniumhq.selenium:selenium-devtools-v86:4.1.1` where the version ("v86") matches the version of the chromium-based browser you're using and the version number of the artifact is the same as Selenium's.
Mar 12, 2023 9:45:57 PM org.openqa.selenium.chromium.ChromiumDriver lambda$new$3
WARNING: Unable to find version of CDP to use for . You may need to include a dependency on a specific version of the CDP using something similar to `org.seleniumhq.selenium:selenium-devtools-v86:4.1.1` where the version ("v86") matches the version of the chromium-based browser you're using and the version number of the artifact is the same as Selenium's.
[1678657559.332][WARNING]: virtual void DevToolsClientImpl::AddListener(DevToolsEventListener *) subscribing a listener to the already connected DevToolsClient. Connection notification will not arrive.
Mar 12, 2023 9:45:59 PM org.openqa.selenium.remote.ProtocolHandshake createSession
INFO: Detected dialect: W3C
Mar 12, 2023 9:45:59 PM org.openqa.selenium.devtools.CdpVersionFinder findNearestMatch
WARNING: Unable to find an exact match for CDP version 110, so returning the closest version found: a no-op implementation
Mar 12, 2023 9:45:59 PM org.openqa.selenium.devtools.CdpVersionFinder findNearestMatch
INFO: Unable to find CDP implementation matching 110.
Mar 12, 2023 9:45:59 PM org.openqa.selenium.chromium.ChromiumDriver lambda$new$3
WARNING: Unable to find version of CDP to use for . You may need to include a dependency on a specific version of the CDP using something similar to `org.seleniumhq.selenium:selenium-devtools-v86:4.1.1` where the version ("v86") matches the version of the chromium-based browser you're using and the version number of the artifact is the same as Selenium's.
]]></system-err>
  </testcase>
  <testcase name="runScenario[&quot;Validate successful Login&quot;, &quot;Validate LogIn Scenarios&quot;](2)" classname="runners.MainRunner" time="17.767"/>
  <testcase name="runScenario[&quot;Validate Successful flow&quot;, &quot;ContactUs Page Flow&quot;](4)" classname="runners.MainRunner" time="24.072">
    <system-out><![CDATA[  And User clicks on submit button                         # stepDefinations.Contact_Us_StepsTest.user_clicks_on_submit_button()
  And User clicks on submit button                         # stepDefinations.Contact_Us_StepsTest.user_clicks_on_submit_button()
  Then Verify that user gets successful submission message # stepDefinations.Contact_Us_StepsTest.verify_that_user_gets_successful_submission_message()
  Then Verify that user gets successful submission message # stepDefinations.Contact_Us_StepsTest.verify_that_user_gets_successful_submission_message()
]]></system-out>
  </testcase>
  <testcase name="runScenario[&quot;Validate Successfull flow-Specific data&quot;, &quot;ContactUs Page Flow&quot;](4)" classname="runners.MainRunner" time="24.072"/>
</testsuite>